{"/home/jagadeesh/Desktop/con_ass/FrontendTrainingAssignments/password/src/component/Header/Header.css": {"path":"/home/jagadeesh/Desktop/con_ass/FrontendTrainingAssignments/password/src/component/Header/Header.css","statementMap":{},"fnMap":{},"branchMap":{},"s":{},"f":{},"b":{},"meta":{"lastBranch":0,"lastFunction":0,"lastStatement":0,"seen":{}}}
,"/home/jagadeesh/Desktop/con_ass/FrontendTrainingAssignments/password/src/component/Header/Header.jsx": {"path":"/home/jagadeesh/Desktop/con_ass/FrontendTrainingAssignments/password/src/component/Header/Header.jsx","statementMap":{"0":{"start":{"line":3,"column":4},"end":{"line":7,"column":null}}},"fnMap":{"0":{"name":"Header","decl":{"start":{"line":2,"column":9},"end":{"line":2,"column":18}},"loc":{"start":{"line":2,"column":18},"end":{"line":10,"column":null}},"line":2}},"branchMap":{},"s":{"0":2},"f":{"0":2},"b":{},"meta":{"lastBranch":0,"lastFunction":1,"lastStatement":1,"seen":{"f:2:9:2:18":0,"s:3:4:7:Infinity":0}}}
,"/home/jagadeesh/Desktop/con_ass/FrontendTrainingAssignments/password/src/component/Password/Password.css": {"path":"/home/jagadeesh/Desktop/con_ass/FrontendTrainingAssignments/password/src/component/Password/Password.css","statementMap":{},"fnMap":{},"branchMap":{},"s":{},"f":{},"b":{},"meta":{"lastBranch":0,"lastFunction":0,"lastStatement":0,"seen":{}}}
,"/home/jagadeesh/Desktop/con_ass/FrontendTrainingAssignments/password/src/component/Password/Password.jsx": {"path":"/home/jagadeesh/Desktop/con_ass/FrontendTrainingAssignments/password/src/component/Password/Password.jsx","statementMap":{"0":{"start":{"line":7,"column":23},"end":{"line":7,"column":null}},"1":{"start":{"line":8,"column":27},"end":{"line":8,"column":null}},"2":{"start":{"line":11,"column":22},"end":{"line":14,"column":null}},"3":{"start":{"line":12,"column":8},"end":{"line":12,"column":null}},"4":{"start":{"line":15,"column":24},"end":{"line":17,"column":null}},"5":{"start":{"line":16,"column":8},"end":{"line":16,"column":null}},"6":{"start":{"line":19,"column":4},"end":{"line":25,"column":null}}},"fnMap":{"0":{"name":"Password","decl":{"start":{"line":5,"column":9},"end":{"line":5,"column":19}},"loc":{"start":{"line":5,"column":19},"end":{"line":27,"column":null}},"line":5},"1":{"name":"(anonymous_1)","decl":{"start":{"line":11,"column":22},"end":{"line":11,"column":23}},"loc":{"start":{"line":11,"column":27},"end":{"line":14,"column":null}},"line":11},"2":{"name":"(anonymous_2)","decl":{"start":{"line":15,"column":24},"end":{"line":15,"column":25}},"loc":{"start":{"line":15,"column":29},"end":{"line":17,"column":null}},"line":15}},"branchMap":{},"s":{"0":1,"1":1,"2":1,"3":0,"4":1,"5":0,"6":1},"f":{"0":1,"1":0,"2":0},"b":{},"meta":{"lastBranch":0,"lastFunction":3,"lastStatement":7,"seen":{"f:5:9:5:19":0,"s:7:23:7:Infinity":0,"s:8:27:8:Infinity":1,"s:11:22:14:Infinity":2,"f:11:22:11:23":1,"s:12:8:12:Infinity":3,"s:15:24:17:Infinity":4,"f:15:24:15:25":2,"s:16:8:16:Infinity":5,"s:19:4:25:Infinity":6}}}
,"/home/jagadeesh/Desktop/con_ass/FrontendTrainingAssignments/password/src/component/Rules/Rules.css": {"path":"/home/jagadeesh/Desktop/con_ass/FrontendTrainingAssignments/password/src/component/Rules/Rules.css","statementMap":{},"fnMap":{},"branchMap":{},"s":{},"f":{},"b":{},"meta":{"lastBranch":0,"lastFunction":0,"lastStatement":0,"seen":{}}}
,"/home/jagadeesh/Desktop/con_ass/FrontendTrainingAssignments/password/src/component/Rules/Rules.jsx": {"path":"/home/jagadeesh/Desktop/con_ass/FrontendTrainingAssignments/password/src/component/Rules/Rules.jsx","statementMap":{"0":{"start":{"line":5,"column":21},"end":{"line":7,"column":null}},"1":{"start":{"line":8,"column":24},"end":{"line":10,"column":null}},"2":{"start":{"line":9,"column":8},"end":{"line":9,"column":null}},"3":{"start":{"line":11,"column":27},"end":{"line":13,"column":null}},"4":{"start":{"line":12,"column":8},"end":{"line":12,"column":null}},"5":{"start":{"line":14,"column":27},"end":{"line":16,"column":null}},"6":{"start":{"line":15,"column":8},"end":{"line":15,"column":null}},"7":{"start":{"line":17,"column":23},"end":{"line":19,"column":null}},"8":{"start":{"line":18,"column":8},"end":{"line":18,"column":null}},"9":{"start":{"line":20,"column":29},"end":{"line":22,"column":null}},"10":{"start":{"line":21,"column":8},"end":{"line":21,"column":null}},"11":{"start":{"line":23,"column":28},"end":{"line":25,"column":null}},"12":{"start":{"line":24,"column":8},"end":{"line":24,"column":null}},"13":{"start":{"line":26,"column":4},"end":{"line":36,"column":null}}},"fnMap":{"0":{"name":"Rules","decl":{"start":{"line":3,"column":9},"end":{"line":3,"column":15}},"loc":{"start":{"line":3,"column":22},"end":{"line":38,"column":null}},"line":3},"1":{"name":"(anonymous_1)","decl":{"start":{"line":8,"column":24},"end":{"line":8,"column":25}},"loc":{"start":{"line":8,"column":31},"end":{"line":10,"column":null}},"line":8},"2":{"name":"(anonymous_2)","decl":{"start":{"line":11,"column":27},"end":{"line":11,"column":28}},"loc":{"start":{"line":11,"column":34},"end":{"line":13,"column":null}},"line":11},"3":{"name":"(anonymous_3)","decl":{"start":{"line":14,"column":27},"end":{"line":14,"column":28}},"loc":{"start":{"line":14,"column":34},"end":{"line":16,"column":null}},"line":14},"4":{"name":"(anonymous_4)","decl":{"start":{"line":17,"column":23},"end":{"line":17,"column":24}},"loc":{"start":{"line":17,"column":30},"end":{"line":19,"column":null}},"line":17},"5":{"name":"(anonymous_5)","decl":{"start":{"line":20,"column":29},"end":{"line":20,"column":30}},"loc":{"start":{"line":20,"column":36},"end":{"line":22,"column":null}},"line":20},"6":{"name":"(anonymous_6)","decl":{"start":{"line":23,"column":28},"end":{"line":23,"column":29}},"loc":{"start":{"line":23,"column":35},"end":{"line":25,"column":null}},"line":23}},"branchMap":{"0":{"loc":{"start":{"line":9,"column":16},"end":{"line":9,"column":null}},"type":"cond-expr","locations":[{"start":{"line":9,"column":34},"end":{"line":9,"column":41}},{"start":{"line":9,"column":41},"end":{"line":9,"column":null}}],"line":9},"1":{"loc":{"start":{"line":29,"column":28},"end":{"line":29,"column":77}},"type":"cond-expr","locations":[{"start":{"line":29,"column":54},"end":{"line":29,"column":68}},{"start":{"line":29,"column":68},"end":{"line":29,"column":77}}],"line":29},"2":{"loc":{"start":{"line":29,"column":77},"end":{"line":29,"column":117}},"type":"cond-expr","locations":[{"start":{"line":29,"column":103},"end":{"line":29,"column":113}},{"start":{"line":29,"column":113},"end":{"line":29,"column":117}}],"line":29},"3":{"loc":{"start":{"line":31,"column":28},"end":{"line":31,"column":82}},"type":"cond-expr","locations":[{"start":{"line":31,"column":57},"end":{"line":31,"column":72}},{"start":{"line":31,"column":72},"end":{"line":31,"column":82}}],"line":31},"4":{"loc":{"start":{"line":31,"column":82},"end":{"line":31,"column":125}},"type":"cond-expr","locations":[{"start":{"line":31,"column":111},"end":{"line":31,"column":121}},{"start":{"line":31,"column":121},"end":{"line":31,"column":125}}],"line":31},"5":{"loc":{"start":{"line":32,"column":28},"end":{"line":32,"column":82}},"type":"cond-expr","locations":[{"start":{"line":32,"column":57},"end":{"line":32,"column":72}},{"start":{"line":32,"column":72},"end":{"line":32,"column":82}}],"line":32},"6":{"loc":{"start":{"line":32,"column":82},"end":{"line":32,"column":125}},"type":"cond-expr","locations":[{"start":{"line":32,"column":111},"end":{"line":32,"column":121}},{"start":{"line":32,"column":121},"end":{"line":32,"column":125}}],"line":32},"7":{"loc":{"start":{"line":33,"column":28},"end":{"line":33,"column":78}},"type":"cond-expr","locations":[{"start":{"line":33,"column":53},"end":{"line":33,"column":68}},{"start":{"line":33,"column":68},"end":{"line":33,"column":78}}],"line":33},"8":{"loc":{"start":{"line":33,"column":78},"end":{"line":33,"column":117}},"type":"cond-expr","locations":[{"start":{"line":33,"column":103},"end":{"line":33,"column":113}},{"start":{"line":33,"column":113},"end":{"line":33,"column":117}}],"line":33},"9":{"loc":{"start":{"line":34,"column":28},"end":{"line":34,"column":84}},"type":"cond-expr","locations":[{"start":{"line":34,"column":59},"end":{"line":34,"column":74}},{"start":{"line":34,"column":74},"end":{"line":34,"column":84}}],"line":34},"10":{"loc":{"start":{"line":34,"column":84},"end":{"line":34,"column":129}},"type":"cond-expr","locations":[{"start":{"line":34,"column":115},"end":{"line":34,"column":125}},{"start":{"line":34,"column":125},"end":{"line":34,"column":129}}],"line":34},"11":{"loc":{"start":{"line":35,"column":28},"end":{"line":35,"column":81}},"type":"cond-expr","locations":[{"start":{"line":35,"column":58},"end":{"line":35,"column":67}},{"start":{"line":35,"column":67},"end":{"line":35,"column":81}}],"line":35},"12":{"loc":{"start":{"line":35,"column":81},"end":{"line":35,"column":124}},"type":"cond-expr","locations":[{"start":{"line":35,"column":111},"end":{"line":35,"column":115}},{"start":{"line":35,"column":115},"end":{"line":35,"column":124}}],"line":35}},"s":{"0":1,"1":1,"2":2,"3":1,"4":2,"5":1,"6":2,"7":1,"8":2,"9":1,"10":2,"11":1,"12":2,"13":1},"f":{"0":1,"1":2,"2":2,"3":2,"4":2,"5":2,"6":2},"b":{"0":[0,2],"1":[0,1],"2":[0,1],"3":[0,1],"4":[0,1],"5":[0,1],"6":[0,1],"7":[0,1],"8":[0,1],"9":[0,1],"10":[0,1],"11":[0,1],"12":[0,1]},"meta":{"lastBranch":13,"lastFunction":7,"lastStatement":14,"seen":{"f:3:9:3:15":0,"s:5:21:7:Infinity":0,"s:8:24:10:Infinity":1,"f:8:24:8:25":1,"s:9:8:9:Infinity":2,"b:9:34:9:41:9:41:9:Infinity":0,"s:11:27:13:Infinity":3,"f:11:27:11:28":2,"s:12:8:12:Infinity":4,"s:14:27:16:Infinity":5,"f:14:27:14:28":3,"s:15:8:15:Infinity":6,"s:17:23:19:Infinity":7,"f:17:23:17:24":4,"s:18:8:18:Infinity":8,"s:20:29:22:Infinity":9,"f:20:29:20:30":5,"s:21:8:21:Infinity":10,"s:23:28:25:Infinity":11,"f:23:28:23:29":6,"s:24:8:24:Infinity":12,"s:26:4:36:Infinity":13,"b:29:54:29:68:29:68:29:77":1,"b:29:103:29:113:29:113:29:117":2,"b:31:57:31:72:31:72:31:82":3,"b:31:111:31:121:31:121:31:125":4,"b:32:57:32:72:32:72:32:82":5,"b:32:111:32:121:32:121:32:125":6,"b:33:53:33:68:33:68:33:78":7,"b:33:103:33:113:33:113:33:117":8,"b:34:59:34:74:34:74:34:84":9,"b:34:115:34:125:34:125:34:129":10,"b:35:58:35:67:35:67:35:81":11,"b:35:111:35:115:35:115:35:124":12}}}
}
